{"/Users/chrisg/dev/wpp/expo-test/App.js": {"path":"/Users/chrisg/dev/wpp/expo-test/App.js","statementMap":{"0":{"start":{"line":8,"column":2},"end":{"line":14,"column":4}},"1":{"start":{"line":17,"column":15},"end":{"line":24,"column":2}}},"fnMap":{"0":{"name":"App","decl":{"start":{"line":7,"column":24},"end":{"line":7,"column":27}},"loc":{"start":{"line":7,"column":30},"end":{"line":15,"column":1}},"line":7}},"branchMap":{},"s":{"0":2,"1":1},"f":{"0":2},"b":{},"_coverageSchema":"1a1c01bbd47fc00a2c39e90264f33305004495a9","hash":"52d09c7e0144065c95081450992b8335bbb874ad"}
,"/Users/chrisg/dev/wpp/expo-test/ExampleComponent.js": {"path":"/Users/chrisg/dev/wpp/expo-test/ExampleComponent.js","statementMap":{"0":{"start":{"line":6,"column":2},"end":{"line":11,"column":4}},"1":{"start":{"line":14,"column":15},"end":{"line":21,"column":2}}},"fnMap":{"0":{"name":"ExampleComponent","decl":{"start":{"line":5,"column":24},"end":{"line":5,"column":40}},"loc":{"start":{"line":5,"column":48},"end":{"line":12,"column":1}},"line":5}},"branchMap":{},"s":{"0":3,"1":2},"f":{"0":3},"b":{},"_coverageSchema":"1a1c01bbd47fc00a2c39e90264f33305004495a9","hash":"ed70db13a2034a7ad5680bbb14c957c67e94b6bd"}
}
